INFO - 2025-03-05 12:21:06 --> Session: Class initialized using 'CodeIgniter\Session\Handlers\FileHandler' driver.
INFO - 2025-03-05 13:24:30 --> Session: Class initialized using 'CodeIgniter\Session\Handlers\FileHandler' driver.
INFO - 2025-03-05 21:24:12 --> Session: Class initialized using 'CodeIgniter\Session\Handlers\FileHandler' driver.
INFO - 2025-03-05 21:25:44 --> Session: Class initialized using 'CodeIgniter\Session\Handlers\FileHandler' driver.
INFO - 2025-03-05 21:25:45 --> Session: Class initialized using 'CodeIgniter\Session\Handlers\FileHandler' driver.
INFO - 2025-03-05 21:34:13 --> Session: Class initialized using 'CodeIgniter\Session\Handlers\FileHandler' driver.
INFO - 2025-03-05 21:34:24 --> Session: Class initialized using 'CodeIgniter\Session\Handlers\FileHandler' driver.
INFO - 2025-03-05 21:39:39 --> Session: Class initialized using 'CodeIgniter\Session\Handlers\FileHandler' driver.
INFO - 2025-03-05 21:56:37 --> Session: Class initialized using 'CodeIgniter\Session\Handlers\FileHandler' driver.
CRITICAL - 2025-03-05 21:56:37 --> ErrorException: include(Admin/profil.php): Failed to open stream: No such file or directory
in APPPATH\Views\template.php on line 259.
 1 APPPATH\Views\template.php(259): CodeIgniter\Debug\Exceptions->errorHandler(2, 'include(Admin/profil.php): Failed to open stream: No such file or directory', 'C:\\xampp\\htdocs\\simbisa\\app\\Views\\template.php', 259)
 2 APPPATH\Views\template.php(259): include()
 3 SYSTEMPATH\View\View.php(228): include('C:\\xampp\\htdocs\\simbisa\\app\\Views\\template.php')
 4 SYSTEMPATH\View\View.php(231): CodeIgniter\View\View->CodeIgniter\View\{closure}()
 5 SYSTEMPATH\Common.php(1178): CodeIgniter\View\View->render('template', [], true)
 6 APPPATH\Controllers\Home.php(79): view('template', [...])
 7 SYSTEMPATH\CodeIgniter.php(941): App\Controllers\Home->ProfilAdmin()
 8 SYSTEMPATH\CodeIgniter.php(502): CodeIgniter\CodeIgniter->runController(Object(App\Controllers\Home))
 9 SYSTEMPATH\CodeIgniter.php(361): CodeIgniter\CodeIgniter->handleRequest(null, Object(Config\Cache), false)
10 FCPATH\index.php(79): CodeIgniter\CodeIgniter->run()
INFO - 2025-03-05 21:57:41 --> Session: Class initialized using 'CodeIgniter\Session\Handlers\FileHandler' driver.
CRITICAL - 2025-03-05 21:57:41 --> ErrorException: include(profil.php): Failed to open stream: No such file or directory
in APPPATH\Views\template.php on line 259.
 1 APPPATH\Views\template.php(259): CodeIgniter\Debug\Exceptions->errorHandler(2, 'include(profil.php): Failed to open stream: No such file or directory', 'C:\\xampp\\htdocs\\simbisa\\app\\Views\\template.php', 259)
 2 APPPATH\Views\template.php(259): include()
 3 SYSTEMPATH\View\View.php(228): include('C:\\xampp\\htdocs\\simbisa\\app\\Views\\template.php')
 4 SYSTEMPATH\View\View.php(231): CodeIgniter\View\View->CodeIgniter\View\{closure}()
 5 SYSTEMPATH\Common.php(1178): CodeIgniter\View\View->render('template', [], true)
 6 APPPATH\Controllers\Home.php(79): view('template', [...])
 7 SYSTEMPATH\CodeIgniter.php(941): App\Controllers\Home->ProfilAdmin()
 8 SYSTEMPATH\CodeIgniter.php(502): CodeIgniter\CodeIgniter->runController(Object(App\Controllers\Home))
 9 SYSTEMPATH\CodeIgniter.php(361): CodeIgniter\CodeIgniter->handleRequest(null, Object(Config\Cache), false)
10 FCPATH\index.php(79): CodeIgniter\CodeIgniter->run()
INFO - 2025-03-05 21:57:42 --> Session: Class initialized using 'CodeIgniter\Session\Handlers\FileHandler' driver.
CRITICAL - 2025-03-05 21:57:42 --> ErrorException: include(profil.php): Failed to open stream: No such file or directory
in APPPATH\Views\template.php on line 259.
 1 APPPATH\Views\template.php(259): CodeIgniter\Debug\Exceptions->errorHandler(2, 'include(profil.php): Failed to open stream: No such file or directory', 'C:\\xampp\\htdocs\\simbisa\\app\\Views\\template.php', 259)
 2 APPPATH\Views\template.php(259): include()
 3 SYSTEMPATH\View\View.php(228): include('C:\\xampp\\htdocs\\simbisa\\app\\Views\\template.php')
 4 SYSTEMPATH\View\View.php(231): CodeIgniter\View\View->CodeIgniter\View\{closure}()
 5 SYSTEMPATH\Common.php(1178): CodeIgniter\View\View->render('template', [], true)
 6 APPPATH\Controllers\Home.php(79): view('template', [...])
 7 SYSTEMPATH\CodeIgniter.php(941): App\Controllers\Home->ProfilAdmin()
 8 SYSTEMPATH\CodeIgniter.php(502): CodeIgniter\CodeIgniter->runController(Object(App\Controllers\Home))
 9 SYSTEMPATH\CodeIgniter.php(361): CodeIgniter\CodeIgniter->handleRequest(null, Object(Config\Cache), false)
10 FCPATH\index.php(79): CodeIgniter\CodeIgniter->run()
INFO - 2025-03-05 21:57:44 --> Session: Class initialized using 'CodeIgniter\Session\Handlers\FileHandler' driver.
CRITICAL - 2025-03-05 21:57:44 --> ErrorException: include(profil.php): Failed to open stream: No such file or directory
in APPPATH\Views\template.php on line 259.
 1 APPPATH\Views\template.php(259): CodeIgniter\Debug\Exceptions->errorHandler(2, 'include(profil.php): Failed to open stream: No such file or directory', 'C:\\xampp\\htdocs\\simbisa\\app\\Views\\template.php', 259)
 2 APPPATH\Views\template.php(259): include()
 3 SYSTEMPATH\View\View.php(228): include('C:\\xampp\\htdocs\\simbisa\\app\\Views\\template.php')
 4 SYSTEMPATH\View\View.php(231): CodeIgniter\View\View->CodeIgniter\View\{closure}()
 5 SYSTEMPATH\Common.php(1178): CodeIgniter\View\View->render('template', [], true)
 6 APPPATH\Controllers\Home.php(79): view('template', [...])
 7 SYSTEMPATH\CodeIgniter.php(941): App\Controllers\Home->ProfilAdmin()
 8 SYSTEMPATH\CodeIgniter.php(502): CodeIgniter\CodeIgniter->runController(Object(App\Controllers\Home))
 9 SYSTEMPATH\CodeIgniter.php(361): CodeIgniter\CodeIgniter->handleRequest(null, Object(Config\Cache), false)
10 FCPATH\index.php(79): CodeIgniter\CodeIgniter->run()
INFO - 2025-03-05 21:58:24 --> Session: Class initialized using 'CodeIgniter\Session\Handlers\FileHandler' driver.
CRITICAL - 2025-03-05 21:58:24 --> ErrorException: Attempt to read property "userid" on null
in APPPATH\Views\Admin\profil.php on line 6.
 1 APPPATH\Views\Admin\profil.php(6): CodeIgniter\Debug\Exceptions->errorHandler(2, 'Attempt to read property "userid" on null', 'C:\\xampp\\htdocs\\simbisa\\app\\Views\\Admin\\profil.php', 6)
 2 APPPATH\Views\template.php(259): include('C:\\xampp\\htdocs\\simbisa\\app\\Views\\Admin\\profil.php')
 3 SYSTEMPATH\View\View.php(228): include('C:\\xampp\\htdocs\\simbisa\\app\\Views\\template.php')
 4 SYSTEMPATH\View\View.php(231): CodeIgniter\View\View->CodeIgniter\View\{closure}()
 5 SYSTEMPATH\Common.php(1178): CodeIgniter\View\View->render('template', [], true)
 6 APPPATH\Controllers\Home.php(79): view('template', [...])
 7 SYSTEMPATH\CodeIgniter.php(941): App\Controllers\Home->ProfilAdmin()
 8 SYSTEMPATH\CodeIgniter.php(502): CodeIgniter\CodeIgniter->runController(Object(App\Controllers\Home))
 9 SYSTEMPATH\CodeIgniter.php(361): CodeIgniter\CodeIgniter->handleRequest(null, Object(Config\Cache), false)
10 FCPATH\index.php(79): CodeIgniter\CodeIgniter->run()
INFO - 2025-03-05 21:59:42 --> Session: Class initialized using 'CodeIgniter\Session\Handlers\FileHandler' driver.
CRITICAL - 2025-03-05 21:59:42 --> ErrorException: Attempt to read property "userid" on null
in APPPATH\Views\Admin\profil.php on line 6.
 1 APPPATH\Views\Admin\profil.php(6): CodeIgniter\Debug\Exceptions->errorHandler(2, 'Attempt to read property "userid" on null', 'C:\\xampp\\htdocs\\simbisa\\app\\Views\\Admin\\profil.php', 6)
 2 APPPATH\Views\template.php(259): include('C:\\xampp\\htdocs\\simbisa\\app\\Views\\Admin\\profil.php')
 3 SYSTEMPATH\View\View.php(228): include('C:\\xampp\\htdocs\\simbisa\\app\\Views\\template.php')
 4 SYSTEMPATH\View\View.php(231): CodeIgniter\View\View->CodeIgniter\View\{closure}()
 5 SYSTEMPATH\Common.php(1178): CodeIgniter\View\View->render('template', [], true)
 6 APPPATH\Controllers\Home.php(79): view('template', [...])
 7 SYSTEMPATH\CodeIgniter.php(941): App\Controllers\Home->ProfilAdmin()
 8 SYSTEMPATH\CodeIgniter.php(502): CodeIgniter\CodeIgniter->runController(Object(App\Controllers\Home))
 9 SYSTEMPATH\CodeIgniter.php(361): CodeIgniter\CodeIgniter->handleRequest(null, Object(Config\Cache), false)
10 FCPATH\index.php(79): CodeIgniter\CodeIgniter->run()
INFO - 2025-03-05 21:59:43 --> Session: Class initialized using 'CodeIgniter\Session\Handlers\FileHandler' driver.
CRITICAL - 2025-03-05 21:59:43 --> ErrorException: Attempt to read property "userid" on null
in APPPATH\Views\Admin\profil.php on line 6.
 1 APPPATH\Views\Admin\profil.php(6): CodeIgniter\Debug\Exceptions->errorHandler(2, 'Attempt to read property "userid" on null', 'C:\\xampp\\htdocs\\simbisa\\app\\Views\\Admin\\profil.php', 6)
 2 APPPATH\Views\template.php(259): include('C:\\xampp\\htdocs\\simbisa\\app\\Views\\Admin\\profil.php')
 3 SYSTEMPATH\View\View.php(228): include('C:\\xampp\\htdocs\\simbisa\\app\\Views\\template.php')
 4 SYSTEMPATH\View\View.php(231): CodeIgniter\View\View->CodeIgniter\View\{closure}()
 5 SYSTEMPATH\Common.php(1178): CodeIgniter\View\View->render('template', [], true)
 6 APPPATH\Controllers\Home.php(79): view('template', [...])
 7 SYSTEMPATH\CodeIgniter.php(941): App\Controllers\Home->ProfilAdmin()
 8 SYSTEMPATH\CodeIgniter.php(502): CodeIgniter\CodeIgniter->runController(Object(App\Controllers\Home))
 9 SYSTEMPATH\CodeIgniter.php(361): CodeIgniter\CodeIgniter->handleRequest(null, Object(Config\Cache), false)
10 FCPATH\index.php(79): CodeIgniter\CodeIgniter->run()
INFO - 2025-03-05 21:59:44 --> Session: Class initialized using 'CodeIgniter\Session\Handlers\FileHandler' driver.
CRITICAL - 2025-03-05 21:59:44 --> ErrorException: Attempt to read property "userid" on null
in APPPATH\Views\Admin\profil.php on line 6.
 1 APPPATH\Views\Admin\profil.php(6): CodeIgniter\Debug\Exceptions->errorHandler(2, 'Attempt to read property "userid" on null', 'C:\\xampp\\htdocs\\simbisa\\app\\Views\\Admin\\profil.php', 6)
 2 APPPATH\Views\template.php(259): include('C:\\xampp\\htdocs\\simbisa\\app\\Views\\Admin\\profil.php')
 3 SYSTEMPATH\View\View.php(228): include('C:\\xampp\\htdocs\\simbisa\\app\\Views\\template.php')
 4 SYSTEMPATH\View\View.php(231): CodeIgniter\View\View->CodeIgniter\View\{closure}()
 5 SYSTEMPATH\Common.php(1178): CodeIgniter\View\View->render('template', [], true)
 6 APPPATH\Controllers\Home.php(79): view('template', [...])
 7 SYSTEMPATH\CodeIgniter.php(941): App\Controllers\Home->ProfilAdmin()
 8 SYSTEMPATH\CodeIgniter.php(502): CodeIgniter\CodeIgniter->runController(Object(App\Controllers\Home))
 9 SYSTEMPATH\CodeIgniter.php(361): CodeIgniter\CodeIgniter->handleRequest(null, Object(Config\Cache), false)
10 FCPATH\index.php(79): CodeIgniter\CodeIgniter->run()
INFO - 2025-03-05 21:59:45 --> Session: Class initialized using 'CodeIgniter\Session\Handlers\FileHandler' driver.
CRITICAL - 2025-03-05 21:59:45 --> ErrorException: Attempt to read property "userid" on null
in APPPATH\Views\Admin\profil.php on line 6.
 1 APPPATH\Views\Admin\profil.php(6): CodeIgniter\Debug\Exceptions->errorHandler(2, 'Attempt to read property "userid" on null', 'C:\\xampp\\htdocs\\simbisa\\app\\Views\\Admin\\profil.php', 6)
 2 APPPATH\Views\template.php(259): include('C:\\xampp\\htdocs\\simbisa\\app\\Views\\Admin\\profil.php')
 3 SYSTEMPATH\View\View.php(228): include('C:\\xampp\\htdocs\\simbisa\\app\\Views\\template.php')
 4 SYSTEMPATH\View\View.php(231): CodeIgniter\View\View->CodeIgniter\View\{closure}()
 5 SYSTEMPATH\Common.php(1178): CodeIgniter\View\View->render('template', [], true)
 6 APPPATH\Controllers\Home.php(79): view('template', [...])
 7 SYSTEMPATH\CodeIgniter.php(941): App\Controllers\Home->ProfilAdmin()
 8 SYSTEMPATH\CodeIgniter.php(502): CodeIgniter\CodeIgniter->runController(Object(App\Controllers\Home))
 9 SYSTEMPATH\CodeIgniter.php(361): CodeIgniter\CodeIgniter->handleRequest(null, Object(Config\Cache), false)
10 FCPATH\index.php(79): CodeIgniter\CodeIgniter->run()
