INFO - 2025-02-28 08:31:28 --> Session: Class initialized using 'CodeIgniter\Session\Handlers\FileHandler' driver.
INFO - 2025-02-28 08:32:11 --> Session: Class initialized using 'CodeIgniter\Session\Handlers\FileHandler' driver.
INFO - 2025-02-28 08:32:11 --> Session: Class initialized using 'CodeIgniter\Session\Handlers\FileHandler' driver.
INFO - 2025-02-28 12:53:14 --> Session: Class initialized using 'CodeIgniter\Session\Handlers\FileHandler' driver.
INFO - 2025-02-28 12:55:31 --> Session: Class initialized using 'CodeIgniter\Session\Handlers\FileHandler' driver.
INFO - 2025-02-28 12:55:33 --> Session: Class initialized using 'CodeIgniter\Session\Handlers\FileHandler' driver.
INFO - 2025-02-28 12:55:47 --> Session: Class initialized using 'CodeIgniter\Session\Handlers\FileHandler' driver.
INFO - 2025-02-28 12:55:47 --> Session: Class initialized using 'CodeIgniter\Session\Handlers\FileHandler' driver.
ERROR - 2025-02-28 16:31:33 --> mysqli_sql_exception: Table 'simbisa.data_' doesn't exist in C:\xampp\htdocs\simbisa\system\Database\MySQLi\Connection.php:306
Stack trace:
#0 C:\xampp\htdocs\simbisa\system\Database\MySQLi\Connection.php(306): mysqli->query('UPDATE `data_` ...', 0)
#1 C:\xampp\htdocs\simbisa\system\Database\BaseConnection.php(693): CodeIgniter\Database\MySQLi\Connection->execute('UPDATE `data_` ...')
#2 C:\xampp\htdocs\simbisa\system\Database\BaseConnection.php(607): CodeIgniter\Database\BaseConnection->simpleQuery('UPDATE `data_` ...')
#3 C:\xampp\htdocs\simbisa\system\Database\BaseBuilder.php(2474): CodeIgniter\Database\BaseConnection->query('UPDATE `data_` ...', Array, false)
#4 C:\xampp\htdocs\simbisa\app\Models\ModelMahasiswa.php(56): CodeIgniter\Database\BaseBuilder->update(Array)
#5 C:\xampp\htdocs\simbisa\app\Controllers\Pembagian.php(55): App\Models\ModelMahasiswa->updateMahasiswa('E412898989', Array)
#6 C:\xampp\htdocs\simbisa\system\CodeIgniter.php(941): App\Controllers\Pembagian->update()
#7 C:\xampp\htdocs\simbisa\system\CodeIgniter.php(502): CodeIgniter\CodeIgniter->runController(Object(App\Controllers\Pembagian))
#8 C:\xampp\htdocs\simbisa\system\CodeIgniter.php(361): CodeIgniter\CodeIgniter->handleRequest(NULL, Object(Config\Cache), false)
#9 C:\xampp\htdocs\simbisa\index.php(79): CodeIgniter\CodeIgniter->run()
#10 {main}
CRITICAL - 2025-02-28 16:31:33 --> CodeIgniter\Database\Exceptions\DatabaseException: Table 'simbisa.data_' doesn't exist
in SYSTEMPATH\Database\BaseConnection.php on line 647.
 1 SYSTEMPATH\Database\BaseBuilder.php(2474): CodeIgniter\Database\BaseConnection->query('UPDATE `data_` `mahasiswa` SET `pembimbing_1` = :pembimbing_1:, `pembimbing_2` = :pembimbing_2:
WHERE `userid` = :userid:', [...], false)
 2 APPPATH\Models\ModelMahasiswa.php(56): CodeIgniter\Database\BaseBuilder->update([...])
 3 APPPATH\Controllers\Pembagian.php(55): App\Models\ModelMahasiswa->updateMahasiswa('E412898989', [...])
 4 SYSTEMPATH\CodeIgniter.php(941): App\Controllers\Pembagian->update()
 5 SYSTEMPATH\CodeIgniter.php(502): CodeIgniter\CodeIgniter->runController(Object(App\Controllers\Pembagian))
 6 SYSTEMPATH\CodeIgniter.php(361): CodeIgniter\CodeIgniter->handleRequest(null, Object(Config\Cache), false)
 7 FCPATH\index.php(79): CodeIgniter\CodeIgniter->run()
CRITICAL - 2025-02-28 16:31:33 --> [Caused by] CodeIgniter\Database\Exceptions\DatabaseException: Table 'simbisa.data_' doesn't exist
in SYSTEMPATH\Database\MySQLi\Connection.php on line 311.
 1 SYSTEMPATH\Database\BaseConnection.php(693): CodeIgniter\Database\MySQLi\Connection->execute('UPDATE `data_` `mahasiswa` SET `pembimbing_1` = \'Satria\', `pembimbing_2` = \'\'
WHERE `userid` = \'E412898989\'')
 2 SYSTEMPATH\Database\BaseConnection.php(607): CodeIgniter\Database\BaseConnection->simpleQuery('UPDATE `data_` `mahasiswa` SET `pembimbing_1` = \'Satria\', `pembimbing_2` = \'\'
WHERE `userid` = \'E412898989\'')
 3 SYSTEMPATH\Database\BaseBuilder.php(2474): CodeIgniter\Database\BaseConnection->query('UPDATE `data_` `mahasiswa` SET `pembimbing_1` = :pembimbing_1:, `pembimbing_2` = :pembimbing_2:
WHERE `userid` = :userid:', [...], false)
 4 APPPATH\Models\ModelMahasiswa.php(56): CodeIgniter\Database\BaseBuilder->update([...])
 5 APPPATH\Controllers\Pembagian.php(55): App\Models\ModelMahasiswa->updateMahasiswa('E412898989', [...])
 6 SYSTEMPATH\CodeIgniter.php(941): App\Controllers\Pembagian->update()
 7 SYSTEMPATH\CodeIgniter.php(502): CodeIgniter\CodeIgniter->runController(Object(App\Controllers\Pembagian))
 8 SYSTEMPATH\CodeIgniter.php(361): CodeIgniter\CodeIgniter->handleRequest(null, Object(Config\Cache), false)
 9 FCPATH\index.php(79): CodeIgniter\CodeIgniter->run()
CRITICAL - 2025-02-28 16:31:33 --> [Caused by] mysqli_sql_exception: Table 'simbisa.data_' doesn't exist
in SYSTEMPATH\Database\MySQLi\Connection.php on line 306.
 1 SYSTEMPATH\Database\MySQLi\Connection.php(306): mysqli->query('UPDATE `data_` `mahasiswa` SET `pembimbing_1` = \'Satria\', `pembimbing_2` = \'\'
WHERE `userid` = \'E412898989\'', 0)
 2 SYSTEMPATH\Database\BaseConnection.php(693): CodeIgniter\Database\MySQLi\Connection->execute('UPDATE `data_` `mahasiswa` SET `pembimbing_1` = \'Satria\', `pembimbing_2` = \'\'
WHERE `userid` = \'E412898989\'')
 3 SYSTEMPATH\Database\BaseConnection.php(607): CodeIgniter\Database\BaseConnection->simpleQuery('UPDATE `data_` `mahasiswa` SET `pembimbing_1` = \'Satria\', `pembimbing_2` = \'\'
WHERE `userid` = \'E412898989\'')
 4 SYSTEMPATH\Database\BaseBuilder.php(2474): CodeIgniter\Database\BaseConnection->query('UPDATE `data_` `mahasiswa` SET `pembimbing_1` = :pembimbing_1:, `pembimbing_2` = :pembimbing_2:
WHERE `userid` = :userid:', [...], false)
 5 APPPATH\Models\ModelMahasiswa.php(56): CodeIgniter\Database\BaseBuilder->update([...])
 6 APPPATH\Controllers\Pembagian.php(55): App\Models\ModelMahasiswa->updateMahasiswa('E412898989', [...])
 7 SYSTEMPATH\CodeIgniter.php(941): App\Controllers\Pembagian->update()
 8 SYSTEMPATH\CodeIgniter.php(502): CodeIgniter\CodeIgniter->runController(Object(App\Controllers\Pembagian))
 9 SYSTEMPATH\CodeIgniter.php(361): CodeIgniter\CodeIgniter->handleRequest(null, Object(Config\Cache), false)
10 FCPATH\index.php(79): CodeIgniter\CodeIgniter->run()
ERROR - 2025-02-28 16:31:46 --> mysqli_sql_exception: Table 'simbisa.data_' doesn't exist in C:\xampp\htdocs\simbisa\system\Database\MySQLi\Connection.php:306
Stack trace:
#0 C:\xampp\htdocs\simbisa\system\Database\MySQLi\Connection.php(306): mysqli->query('UPDATE `data_` ...', 0)
#1 C:\xampp\htdocs\simbisa\system\Database\BaseConnection.php(693): CodeIgniter\Database\MySQLi\Connection->execute('UPDATE `data_` ...')
#2 C:\xampp\htdocs\simbisa\system\Database\BaseConnection.php(607): CodeIgniter\Database\BaseConnection->simpleQuery('UPDATE `data_` ...')
#3 C:\xampp\htdocs\simbisa\system\Database\BaseBuilder.php(2474): CodeIgniter\Database\BaseConnection->query('UPDATE `data_` ...', Array, false)
#4 C:\xampp\htdocs\simbisa\app\Models\ModelMahasiswa.php(56): CodeIgniter\Database\BaseBuilder->update(Array)
#5 C:\xampp\htdocs\simbisa\app\Controllers\Pembagian.php(55): App\Models\ModelMahasiswa->updateMahasiswa('E412898989', Array)
#6 C:\xampp\htdocs\simbisa\system\CodeIgniter.php(941): App\Controllers\Pembagian->update()
#7 C:\xampp\htdocs\simbisa\system\CodeIgniter.php(502): CodeIgniter\CodeIgniter->runController(Object(App\Controllers\Pembagian))
#8 C:\xampp\htdocs\simbisa\system\CodeIgniter.php(361): CodeIgniter\CodeIgniter->handleRequest(NULL, Object(Config\Cache), false)
#9 C:\xampp\htdocs\simbisa\index.php(79): CodeIgniter\CodeIgniter->run()
#10 {main}
CRITICAL - 2025-02-28 16:31:46 --> CodeIgniter\Database\Exceptions\DatabaseException: Table 'simbisa.data_' doesn't exist
in SYSTEMPATH\Database\BaseConnection.php on line 647.
 1 SYSTEMPATH\Database\BaseBuilder.php(2474): CodeIgniter\Database\BaseConnection->query('UPDATE `data_` `mahasiswa` SET `pembimbing_1` = :pembimbing_1:, `pembimbing_2` = :pembimbing_2:
WHERE `userid` = :userid:', [...], false)
 2 APPPATH\Models\ModelMahasiswa.php(56): CodeIgniter\Database\BaseBuilder->update([...])
 3 APPPATH\Controllers\Pembagian.php(55): App\Models\ModelMahasiswa->updateMahasiswa('E412898989', [...])
 4 SYSTEMPATH\CodeIgniter.php(941): App\Controllers\Pembagian->update()
 5 SYSTEMPATH\CodeIgniter.php(502): CodeIgniter\CodeIgniter->runController(Object(App\Controllers\Pembagian))
 6 SYSTEMPATH\CodeIgniter.php(361): CodeIgniter\CodeIgniter->handleRequest(null, Object(Config\Cache), false)
 7 FCPATH\index.php(79): CodeIgniter\CodeIgniter->run()
CRITICAL - 2025-02-28 16:31:46 --> [Caused by] CodeIgniter\Database\Exceptions\DatabaseException: Table 'simbisa.data_' doesn't exist
in SYSTEMPATH\Database\MySQLi\Connection.php on line 311.
 1 SYSTEMPATH\Database\BaseConnection.php(693): CodeIgniter\Database\MySQLi\Connection->execute('UPDATE `data_` `mahasiswa` SET `pembimbing_1` = \'Satria\', `pembimbing_2` = \' Satria\'
WHERE `userid` = \'E412898989\'')
 2 SYSTEMPATH\Database\BaseConnection.php(607): CodeIgniter\Database\BaseConnection->simpleQuery('UPDATE `data_` `mahasiswa` SET `pembimbing_1` = \'Satria\', `pembimbing_2` = \' Satria\'
WHERE `userid` = \'E412898989\'')
 3 SYSTEMPATH\Database\BaseBuilder.php(2474): CodeIgniter\Database\BaseConnection->query('UPDATE `data_` `mahasiswa` SET `pembimbing_1` = :pembimbing_1:, `pembimbing_2` = :pembimbing_2:
WHERE `userid` = :userid:', [...], false)
 4 APPPATH\Models\ModelMahasiswa.php(56): CodeIgniter\Database\BaseBuilder->update([...])
 5 APPPATH\Controllers\Pembagian.php(55): App\Models\ModelMahasiswa->updateMahasiswa('E412898989', [...])
 6 SYSTEMPATH\CodeIgniter.php(941): App\Controllers\Pembagian->update()
 7 SYSTEMPATH\CodeIgniter.php(502): CodeIgniter\CodeIgniter->runController(Object(App\Controllers\Pembagian))
 8 SYSTEMPATH\CodeIgniter.php(361): CodeIgniter\CodeIgniter->handleRequest(null, Object(Config\Cache), false)
 9 FCPATH\index.php(79): CodeIgniter\CodeIgniter->run()
CRITICAL - 2025-02-28 16:31:46 --> [Caused by] mysqli_sql_exception: Table 'simbisa.data_' doesn't exist
in SYSTEMPATH\Database\MySQLi\Connection.php on line 306.
 1 SYSTEMPATH\Database\MySQLi\Connection.php(306): mysqli->query('UPDATE `data_` `mahasiswa` SET `pembimbing_1` = \'Satria\', `pembimbing_2` = \' Satria\'
WHERE `userid` = \'E412898989\'', 0)
 2 SYSTEMPATH\Database\BaseConnection.php(693): CodeIgniter\Database\MySQLi\Connection->execute('UPDATE `data_` `mahasiswa` SET `pembimbing_1` = \'Satria\', `pembimbing_2` = \' Satria\'
WHERE `userid` = \'E412898989\'')
 3 SYSTEMPATH\Database\BaseConnection.php(607): CodeIgniter\Database\BaseConnection->simpleQuery('UPDATE `data_` `mahasiswa` SET `pembimbing_1` = \'Satria\', `pembimbing_2` = \' Satria\'
WHERE `userid` = \'E412898989\'')
 4 SYSTEMPATH\Database\BaseBuilder.php(2474): CodeIgniter\Database\BaseConnection->query('UPDATE `data_` `mahasiswa` SET `pembimbing_1` = :pembimbing_1:, `pembimbing_2` = :pembimbing_2:
WHERE `userid` = :userid:', [...], false)
 5 APPPATH\Models\ModelMahasiswa.php(56): CodeIgniter\Database\BaseBuilder->update([...])
 6 APPPATH\Controllers\Pembagian.php(55): App\Models\ModelMahasiswa->updateMahasiswa('E412898989', [...])
 7 SYSTEMPATH\CodeIgniter.php(941): App\Controllers\Pembagian->update()
 8 SYSTEMPATH\CodeIgniter.php(502): CodeIgniter\CodeIgniter->runController(Object(App\Controllers\Pembagian))
 9 SYSTEMPATH\CodeIgniter.php(361): CodeIgniter\CodeIgniter->handleRequest(null, Object(Config\Cache), false)
10 FCPATH\index.php(79): CodeIgniter\CodeIgniter->run()
INFO - 2025-02-28 19:04:19 --> Session: Class initialized using 'CodeIgniter\Session\Handlers\FileHandler' driver.
INFO - 2025-02-28 19:04:20 --> Session: Class initialized using 'CodeIgniter\Session\Handlers\FileHandler' driver.
INFO - 2025-02-28 19:05:22 --> Session: Class initialized using 'CodeIgniter\Session\Handlers\FileHandler' driver.
INFO - 2025-02-28 19:05:22 --> Session: Class initialized using 'CodeIgniter\Session\Handlers\FileHandler' driver.
INFO - 2025-02-28 19:08:43 --> Session: Class initialized using 'CodeIgniter\Session\Handlers\FileHandler' driver.
INFO - 2025-02-28 19:08:58 --> Session: Class initialized using 'CodeIgniter\Session\Handlers\FileHandler' driver.
INFO - 2025-02-28 19:08:58 --> Session: Class initialized using 'CodeIgniter\Session\Handlers\FileHandler' driver.
INFO - 2025-02-28 19:19:09 --> Session: Class initialized using 'CodeIgniter\Session\Handlers\FileHandler' driver.
ERROR - 2025-02-28 19:19:09 --> mysqli_sql_exception: Unknown column 'id' in 'where clause' in C:\xampp\htdocs\simbisa\system\Database\MySQLi\Connection.php:306
Stack trace:
#0 C:\xampp\htdocs\simbisa\system\Database\MySQLi\Connection.php(306): mysqli->query('SELECT *\nFROM `...', 0)
#1 C:\xampp\htdocs\simbisa\system\Database\BaseConnection.php(693): CodeIgniter\Database\MySQLi\Connection->execute('SELECT *\nFROM `...')
#2 C:\xampp\htdocs\simbisa\system\Database\BaseConnection.php(607): CodeIgniter\Database\BaseConnection->simpleQuery('SELECT *\nFROM `...')
#3 C:\xampp\htdocs\simbisa\system\Database\BaseBuilder.php(1616): CodeIgniter\Database\BaseConnection->query('SELECT *\nFROM `...', Array, false)
#4 C:\xampp\htdocs\simbisa\system\Model.php(872): CodeIgniter\Database\BaseBuilder->get()
#5 C:\xampp\htdocs\simbisa\app\Models\ModelMahasiswa.php(45): CodeIgniter\Model->__call('get', Array)
#6 C:\xampp\htdocs\simbisa\app\Controllers\Mahasiswa.php(182): App\Models\ModelMahasiswa->getById('11')
#7 C:\xampp\htdocs\simbisa\system\CodeIgniter.php(941): App\Controllers\Mahasiswa->info_pembimbing()
#8 C:\xampp\htdocs\simbisa\system\CodeIgniter.php(502): CodeIgniter\CodeIgniter->runController(Object(App\Controllers\Mahasiswa))
#9 C:\xampp\htdocs\simbisa\system\CodeIgniter.php(361): CodeIgniter\CodeIgniter->handleRequest(NULL, Object(Config\Cache), false)
#10 C:\xampp\htdocs\simbisa\index.php(79): CodeIgniter\CodeIgniter->run()
#11 {main}
CRITICAL - 2025-02-28 19:19:09 --> CodeIgniter\Database\Exceptions\DatabaseException: Unknown column 'id' in 'where clause'
in SYSTEMPATH\Database\BaseConnection.php on line 647.
 1 SYSTEMPATH\Database\BaseBuilder.php(1616): CodeIgniter\Database\BaseConnection->query('SELECT *
FROM `data_mahasiswa`
WHERE `id` = :id:', [...], false)
 2 SYSTEMPATH\Model.php(872): CodeIgniter\Database\BaseBuilder->get()
 3 APPPATH\Models\ModelMahasiswa.php(45): CodeIgniter\Model->__call('get', [])
 4 APPPATH\Controllers\Mahasiswa.php(182): App\Models\ModelMahasiswa->getById('11')
 5 SYSTEMPATH\CodeIgniter.php(941): App\Controllers\Mahasiswa->info_pembimbing()
 6 SYSTEMPATH\CodeIgniter.php(502): CodeIgniter\CodeIgniter->runController(Object(App\Controllers\Mahasiswa))
 7 SYSTEMPATH\CodeIgniter.php(361): CodeIgniter\CodeIgniter->handleRequest(null, Object(Config\Cache), false)
 8 FCPATH\index.php(79): CodeIgniter\CodeIgniter->run()
CRITICAL - 2025-02-28 19:19:09 --> [Caused by] CodeIgniter\Database\Exceptions\DatabaseException: Unknown column 'id' in 'where clause'
in SYSTEMPATH\Database\MySQLi\Connection.php on line 311.
 1 SYSTEMPATH\Database\BaseConnection.php(693): CodeIgniter\Database\MySQLi\Connection->execute('SELECT *
FROM `data_mahasiswa`
WHERE `id` = \'11\'')
 2 SYSTEMPATH\Database\BaseConnection.php(607): CodeIgniter\Database\BaseConnection->simpleQuery('SELECT *
FROM `data_mahasiswa`
WHERE `id` = \'11\'')
 3 SYSTEMPATH\Database\BaseBuilder.php(1616): CodeIgniter\Database\BaseConnection->query('SELECT *
FROM `data_mahasiswa`
WHERE `id` = :id:', [...], false)
 4 SYSTEMPATH\Model.php(872): CodeIgniter\Database\BaseBuilder->get()
 5 APPPATH\Models\ModelMahasiswa.php(45): CodeIgniter\Model->__call('get', [])
 6 APPPATH\Controllers\Mahasiswa.php(182): App\Models\ModelMahasiswa->getById('11')
 7 SYSTEMPATH\CodeIgniter.php(941): App\Controllers\Mahasiswa->info_pembimbing()
 8 SYSTEMPATH\CodeIgniter.php(502): CodeIgniter\CodeIgniter->runController(Object(App\Controllers\Mahasiswa))
 9 SYSTEMPATH\CodeIgniter.php(361): CodeIgniter\CodeIgniter->handleRequest(null, Object(Config\Cache), false)
10 FCPATH\index.php(79): CodeIgniter\CodeIgniter->run()
CRITICAL - 2025-02-28 19:19:09 --> [Caused by] mysqli_sql_exception: Unknown column 'id' in 'where clause'
in SYSTEMPATH\Database\MySQLi\Connection.php on line 306.
 1 SYSTEMPATH\Database\MySQLi\Connection.php(306): mysqli->query('SELECT *
FROM `data_mahasiswa`
WHERE `id` = \'11\'', 0)
 2 SYSTEMPATH\Database\BaseConnection.php(693): CodeIgniter\Database\MySQLi\Connection->execute('SELECT *
FROM `data_mahasiswa`
WHERE `id` = \'11\'')
 3 SYSTEMPATH\Database\BaseConnection.php(607): CodeIgniter\Database\BaseConnection->simpleQuery('SELECT *
FROM `data_mahasiswa`
WHERE `id` = \'11\'')
 4 SYSTEMPATH\Database\BaseBuilder.php(1616): CodeIgniter\Database\BaseConnection->query('SELECT *
FROM `data_mahasiswa`
WHERE `id` = :id:', [...], false)
 5 SYSTEMPATH\Model.php(872): CodeIgniter\Database\BaseBuilder->get()
 6 APPPATH\Models\ModelMahasiswa.php(45): CodeIgniter\Model->__call('get', [])
 7 APPPATH\Controllers\Mahasiswa.php(182): App\Models\ModelMahasiswa->getById('11')
 8 SYSTEMPATH\CodeIgniter.php(941): App\Controllers\Mahasiswa->info_pembimbing()
 9 SYSTEMPATH\CodeIgniter.php(502): CodeIgniter\CodeIgniter->runController(Object(App\Controllers\Mahasiswa))
10 SYSTEMPATH\CodeIgniter.php(361): CodeIgniter\CodeIgniter->handleRequest(null, Object(Config\Cache), false)
11 FCPATH\index.php(79): CodeIgniter\CodeIgniter->run()
INFO - 2025-02-28 19:19:47 --> Session: Class initialized using 'CodeIgniter\Session\Handlers\FileHandler' driver.
CRITICAL - 2025-02-28 19:19:47 --> ErrorException: Undefined property: CodeIgniter\Database\MySQLi\Result::$userid
in APPPATH\Controllers\Mahasiswa.php on line 183.
 1 APPPATH\Controllers\Mahasiswa.php(183): CodeIgniter\Debug\Exceptions->errorHandler(2, 'Undefined property: CodeIgniter\\Database\\MySQLi\\Result::$userid', 'C:\\xampp\\htdocs\\simbisa\\app\\Controllers\\Mahasiswa.php', 183)
 2 SYSTEMPATH\CodeIgniter.php(941): App\Controllers\Mahasiswa->info_pembimbing()
 3 SYSTEMPATH\CodeIgniter.php(502): CodeIgniter\CodeIgniter->runController(Object(App\Controllers\Mahasiswa))
 4 SYSTEMPATH\CodeIgniter.php(361): CodeIgniter\CodeIgniter->handleRequest(null, Object(Config\Cache), false)
 5 FCPATH\index.php(79): CodeIgniter\CodeIgniter->run()
INFO - 2025-02-28 19:21:10 --> Session: Class initialized using 'CodeIgniter\Session\Handlers\FileHandler' driver.
CRITICAL - 2025-02-28 19:21:10 --> ErrorException: Undefined property: CodeIgniter\Database\MySQLi\Result::$userid
in APPPATH\Controllers\Mahasiswa.php on line 183.
 1 APPPATH\Controllers\Mahasiswa.php(183): CodeIgniter\Debug\Exceptions->errorHandler(2, 'Undefined property: CodeIgniter\\Database\\MySQLi\\Result::$userid', 'C:\\xampp\\htdocs\\simbisa\\app\\Controllers\\Mahasiswa.php', 183)
 2 SYSTEMPATH\CodeIgniter.php(941): App\Controllers\Mahasiswa->info_pembimbing()
 3 SYSTEMPATH\CodeIgniter.php(502): CodeIgniter\CodeIgniter->runController(Object(App\Controllers\Mahasiswa))
 4 SYSTEMPATH\CodeIgniter.php(361): CodeIgniter\CodeIgniter->handleRequest(null, Object(Config\Cache), false)
 5 FCPATH\index.php(79): CodeIgniter\CodeIgniter->run()
INFO - 2025-02-28 19:21:30 --> Session: Class initialized using 'CodeIgniter\Session\Handlers\FileHandler' driver.
INFO - 2025-02-28 19:22:06 --> Session: Class initialized using 'CodeIgniter\Session\Handlers\FileHandler' driver.
INFO - 2025-02-28 19:23:07 --> Session: Class initialized using 'CodeIgniter\Session\Handlers\FileHandler' driver.
INFO - 2025-02-28 19:23:28 --> Session: Class initialized using 'CodeIgniter\Session\Handlers\FileHandler' driver.
CRITICAL - 2025-02-28 19:23:28 --> Error: Object of class CodeIgniter\Database\MySQLi\Result could not be converted to string
in APPPATH\Controllers\Mahasiswa.php on line 184.
 1 SYSTEMPATH\CodeIgniter.php(941): App\Controllers\Mahasiswa->info_pembimbing()
 2 SYSTEMPATH\CodeIgniter.php(502): CodeIgniter\CodeIgniter->runController(Object(App\Controllers\Mahasiswa))
 3 SYSTEMPATH\CodeIgniter.php(361): CodeIgniter\CodeIgniter->handleRequest(null, Object(Config\Cache), false)
 4 FCPATH\index.php(79): CodeIgniter\CodeIgniter->run()
INFO - 2025-02-28 19:23:40 --> Session: Class initialized using 'CodeIgniter\Session\Handlers\FileHandler' driver.
CRITICAL - 2025-02-28 19:23:40 --> ErrorException: Undefined property: CodeIgniter\Database\MySQLi\Result::$userid
in APPPATH\Controllers\Mahasiswa.php on line 184.
 1 APPPATH\Controllers\Mahasiswa.php(184): CodeIgniter\Debug\Exceptions->errorHandler(2, 'Undefined property: CodeIgniter\\Database\\MySQLi\\Result::$userid', 'C:\\xampp\\htdocs\\simbisa\\app\\Controllers\\Mahasiswa.php', 184)
 2 SYSTEMPATH\CodeIgniter.php(941): App\Controllers\Mahasiswa->info_pembimbing()
 3 SYSTEMPATH\CodeIgniter.php(502): CodeIgniter\CodeIgniter->runController(Object(App\Controllers\Mahasiswa))
 4 SYSTEMPATH\CodeIgniter.php(361): CodeIgniter\CodeIgniter->handleRequest(null, Object(Config\Cache), false)
 5 FCPATH\index.php(79): CodeIgniter\CodeIgniter->run()
INFO - 2025-02-28 19:24:02 --> Session: Class initialized using 'CodeIgniter\Session\Handlers\FileHandler' driver.
INFO - 2025-02-28 19:25:06 --> Session: Class initialized using 'CodeIgniter\Session\Handlers\FileHandler' driver.
INFO - 2025-02-28 19:25:17 --> Session: Class initialized using 'CodeIgniter\Session\Handlers\FileHandler' driver.
INFO - 2025-02-28 19:28:20 --> Session: Class initialized using 'CodeIgniter\Session\Handlers\FileHandler' driver.
INFO - 2025-02-28 19:29:03 --> Session: Class initialized using 'CodeIgniter\Session\Handlers\FileHandler' driver.
INFO - 2025-02-28 19:29:39 --> Session: Class initialized using 'CodeIgniter\Session\Handlers\FileHandler' driver.
INFO - 2025-02-28 19:31:59 --> Session: Class initialized using 'CodeIgniter\Session\Handlers\FileHandler' driver.
CRITICAL - 2025-02-28 19:31:59 --> ErrorException: Undefined variable $u1
in APPPATH\Views\Mahasiswa\pembimbing.php on line 89.
 1 APPPATH\Views\Mahasiswa\pembimbing.php(89): CodeIgniter\Debug\Exceptions->errorHandler(2, 'Undefined variable $u1', 'C:\\xampp\\htdocs\\simbisa\\app\\Views\\Mahasiswa\\pembimbing.php', 89)
 2 APPPATH\Views\templateM.php(250): include('C:\\xampp\\htdocs\\simbisa\\app\\Views\\Mahasiswa\\pembimbing.php')
 3 SYSTEMPATH\View\View.php(228): include('C:\\xampp\\htdocs\\simbisa\\app\\Views\\templateM.php')
 4 SYSTEMPATH\View\View.php(231): CodeIgniter\View\View->CodeIgniter\View\{closure}()
 5 SYSTEMPATH\Common.php(1178): CodeIgniter\View\View->render('templateM', [], true)
 6 APPPATH\Controllers\Mahasiswa.php(189): view('templateM', [...])
 7 SYSTEMPATH\CodeIgniter.php(941): App\Controllers\Mahasiswa->info_pembimbing()
 8 SYSTEMPATH\CodeIgniter.php(502): CodeIgniter\CodeIgniter->runController(Object(App\Controllers\Mahasiswa))
 9 SYSTEMPATH\CodeIgniter.php(361): CodeIgniter\CodeIgniter->handleRequest(null, Object(Config\Cache), false)
10 FCPATH\index.php(79): CodeIgniter\CodeIgniter->run()
INFO - 2025-02-28 19:32:31 --> Session: Class initialized using 'CodeIgniter\Session\Handlers\FileHandler' driver.
INFO - 2025-02-28 19:33:08 --> Session: Class initialized using 'CodeIgniter\Session\Handlers\FileHandler' driver.
INFO - 2025-02-28 19:34:28 --> Session: Class initialized using 'CodeIgniter\Session\Handlers\FileHandler' driver.
INFO - 2025-02-28 19:34:51 --> Session: Class initialized using 'CodeIgniter\Session\Handlers\FileHandler' driver.
INFO - 2025-02-28 19:57:32 --> Session: Class initialized using 'CodeIgniter\Session\Handlers\FileHandler' driver.
INFO - 2025-02-28 19:57:37 --> Session: Class initialized using 'CodeIgniter\Session\Handlers\FileHandler' driver.
CRITICAL - 2025-02-28 19:57:37 --> Error: Call to a member function getByUserId() on null
in APPPATH\Controllers\Mahasiswa.php on line 198.
 1 SYSTEMPATH\CodeIgniter.php(941): App\Controllers\Mahasiswa->pengajuan_judul()
 2 SYSTEMPATH\CodeIgniter.php(502): CodeIgniter\CodeIgniter->runController(Object(App\Controllers\Mahasiswa))
 3 SYSTEMPATH\CodeIgniter.php(361): CodeIgniter\CodeIgniter->handleRequest(null, Object(Config\Cache), false)
 4 FCPATH\index.php(79): CodeIgniter\CodeIgniter->run()
INFO - 2025-02-28 19:58:01 --> Session: Class initialized using 'CodeIgniter\Session\Handlers\FileHandler' driver.
INFO - 2025-02-28 19:58:18 --> Session: Class initialized using 'CodeIgniter\Session\Handlers\FileHandler' driver.
INFO - 2025-02-28 19:58:18 --> Session: Class initialized using 'CodeIgniter\Session\Handlers\FileHandler' driver.
INFO - 2025-02-28 19:58:22 --> Session: Class initialized using 'CodeIgniter\Session\Handlers\FileHandler' driver.
CRITICAL - 2025-02-28 19:58:22 --> Error: Call to a member function getByUserId() on null
in APPPATH\Controllers\Mahasiswa.php on line 198.
 1 SYSTEMPATH\CodeIgniter.php(941): App\Controllers\Mahasiswa->pengajuan_judul()
 2 SYSTEMPATH\CodeIgniter.php(502): CodeIgniter\CodeIgniter->runController(Object(App\Controllers\Mahasiswa))
 3 SYSTEMPATH\CodeIgniter.php(361): CodeIgniter\CodeIgniter->handleRequest(null, Object(Config\Cache), false)
 4 FCPATH\index.php(79): CodeIgniter\CodeIgniter->run()
INFO - 2025-02-28 19:59:51 --> Session: Class initialized using 'CodeIgniter\Session\Handlers\FileHandler' driver.
INFO - 2025-02-28 20:01:58 --> Session: Class initialized using 'CodeIgniter\Session\Handlers\FileHandler' driver.
CRITICAL - 2025-02-28 20:01:58 --> Error: Call to a member function getByUserId() on null
in APPPATH\Controllers\Mahasiswa.php on line 199.
 1 SYSTEMPATH\CodeIgniter.php(941): App\Controllers\Mahasiswa->pengajuan_judul()
 2 SYSTEMPATH\CodeIgniter.php(502): CodeIgniter\CodeIgniter->runController(Object(App\Controllers\Mahasiswa))
 3 SYSTEMPATH\CodeIgniter.php(361): CodeIgniter\CodeIgniter->handleRequest(null, Object(Config\Cache), false)
 4 FCPATH\index.php(79): CodeIgniter\CodeIgniter->run()
INFO - 2025-02-28 20:02:16 --> Session: Class initialized using 'CodeIgniter\Session\Handlers\FileHandler' driver.
CRITICAL - 2025-02-28 20:02:16 --> Error: Call to a member function getByUserId() on null
in APPPATH\Controllers\Mahasiswa.php on line 199.
 1 SYSTEMPATH\CodeIgniter.php(941): App\Controllers\Mahasiswa->pengajuan_judul()
 2 SYSTEMPATH\CodeIgniter.php(502): CodeIgniter\CodeIgniter->runController(Object(App\Controllers\Mahasiswa))
 3 SYSTEMPATH\CodeIgniter.php(361): CodeIgniter\CodeIgniter->handleRequest(null, Object(Config\Cache), false)
 4 FCPATH\index.php(79): CodeIgniter\CodeIgniter->run()
INFO - 2025-02-28 20:02:27 --> Session: Class initialized using 'CodeIgniter\Session\Handlers\FileHandler' driver.
CRITICAL - 2025-02-28 20:02:27 --> Error: Call to a member function getByUserId() on null
in APPPATH\Controllers\Mahasiswa.php on line 199.
 1 SYSTEMPATH\CodeIgniter.php(941): App\Controllers\Mahasiswa->pengajuan_judul()
 2 SYSTEMPATH\CodeIgniter.php(502): CodeIgniter\CodeIgniter->runController(Object(App\Controllers\Mahasiswa))
 3 SYSTEMPATH\CodeIgniter.php(361): CodeIgniter\CodeIgniter->handleRequest(null, Object(Config\Cache), false)
 4 FCPATH\index.php(79): CodeIgniter\CodeIgniter->run()
INFO - 2025-02-28 20:05:11 --> Session: Class initialized using 'CodeIgniter\Session\Handlers\FileHandler' driver.
CRITICAL - 2025-02-28 20:05:11 --> Error: Call to undefined method CodeIgniter\Database\MySQLi\Result::get()
in APPPATH\Controllers\Mahasiswa.php on line 200.
 1 SYSTEMPATH\CodeIgniter.php(941): App\Controllers\Mahasiswa->pengajuan_judul()
 2 SYSTEMPATH\CodeIgniter.php(502): CodeIgniter\CodeIgniter->runController(Object(App\Controllers\Mahasiswa))
 3 SYSTEMPATH\CodeIgniter.php(361): CodeIgniter\CodeIgniter->handleRequest(null, Object(Config\Cache), false)
 4 FCPATH\index.php(79): CodeIgniter\CodeIgniter->run()
INFO - 2025-02-28 20:05:59 --> Session: Class initialized using 'CodeIgniter\Session\Handlers\FileHandler' driver.
CRITICAL - 2025-02-28 20:05:59 --> ErrorException: Undefined property: stdClass::$tangal
in APPPATH\Views\Mahasiswa\pengajuan_judul\pengajuan_judul.php on line 96.
 1 APPPATH\Views\Mahasiswa\pengajuan_judul\pengajuan_judul.php(96): CodeIgniter\Debug\Exceptions->errorHandler(2, 'Undefined property: stdClass::$tangal', 'C:\\xampp\\htdocs\\simbisa\\app\\Views\\Mahasiswa\\pengajuan_judul\\pengajuan_judul.php', 96)
 2 APPPATH\Views\templateM.php(252): include('C:\\xampp\\htdocs\\simbisa\\app\\Views\\Mahasiswa\\pengajuan_judul\\pengajuan_judul.php')
 3 SYSTEMPATH\View\View.php(228): include('C:\\xampp\\htdocs\\simbisa\\app\\Views\\templateM.php')
 4 SYSTEMPATH\View\View.php(231): CodeIgniter\View\View->CodeIgniter\View\{closure}()
 5 SYSTEMPATH\Common.php(1178): CodeIgniter\View\View->render('templateM', [], true)
 6 APPPATH\Controllers\Mahasiswa.php(206): view('templateM', [...])
 7 SYSTEMPATH\CodeIgniter.php(941): App\Controllers\Mahasiswa->pengajuan_judul()
 8 SYSTEMPATH\CodeIgniter.php(502): CodeIgniter\CodeIgniter->runController(Object(App\Controllers\Mahasiswa))
 9 SYSTEMPATH\CodeIgniter.php(361): CodeIgniter\CodeIgniter->handleRequest(null, Object(Config\Cache), false)
10 FCPATH\index.php(79): CodeIgniter\CodeIgniter->run()
INFO - 2025-02-28 20:06:20 --> Session: Class initialized using 'CodeIgniter\Session\Handlers\FileHandler' driver.
INFO - 2025-02-28 20:06:47 --> Session: Class initialized using 'CodeIgniter\Session\Handlers\FileHandler' driver.
